# JRE version: Java(TM) SE Runtime Environment 18.9 (11.0.8+10) (build 11.0.8+10-LTS)
# Java VM: Java HotSpot(TM) 64-Bit Server VM 18.9 (11.0.8+10-LTS, mixed mode, tiered, compressed oops, g1 gc, windows-amd64)
Heap:
 garbage-first heap   total 349184K, used 173474K [0x00000000c0000000, 0x0000000100000000)
  region size 1024K, 19 young (19456K), 1 survivors (1024K)
 Metaspace       used 78949K, capacity 82226K, committed 82264K, reserved 1122304K
  class space    used 7246K, capacity 8514K, committed 8536K, reserved 1048576K
GC Heap History (10 events):
Event: 607.963 GC heap before
{Heap before GC invocations=92 (full 0):
 garbage-first heap   total 349184K, used 172484K [0x00000000c0000000, 0x0000000100000000)
  region size 1024K, 17 young (17408K), 12 survivors (12288K)
 Metaspace       used 78794K, capacity 82031K, committed 82264K, reserved 1122304K
  class space    used 7244K, capacity 8514K, committed 8536K, reserved 1048576K
}
Event: 607.972 GC heap after
{Heap after GC invocations=93 (full 0):
 garbage-first heap   total 349184K, used 144391K [0x00000000c0000000, 0x0000000100000000)
  region size 1024K, 3 young (3072K), 3 survivors (3072K)
 Metaspace       used 78794K, capacity 82031K, committed 82264K, reserved 1122304K
  class space    used 7244K, capacity 8514K, committed 8536K, reserved 1048576K
}
Event: 609.421 GC heap before
{Heap before GC invocations=93 (full 0):
 garbage-first heap   total 349184K, used 233479K [0x00000000c0000000, 0x0000000100000000)
  region size 1024K, 90 young (92160K), 3 survivors (3072K)
 Metaspace       used 78834K, capacity 82096K, committed 82264K, reserved 1122304K
  class space    used 7246K, capacity 8514K, committed 8536K, reserved 1048576K
}
Event: 609.432 GC heap after
{Heap after GC invocations=94 (full 0):
 garbage-first heap   total 349184K, used 178746K [0x00000000c0000000, 0x0000000100000000)
  region size 1024K, 12 young (12288K), 12 survivors (12288K)
 Metaspace       used 78834K, capacity 82096K, committed 82264K, reserved 1122304K
  class space    used 7246K, capacity 8514K, committed 8536K, reserved 1048576K
}
Event: 610.974 GC heap before
{Heap before GC invocations=95 (full 0):
 garbage-first heap   total 349184K, used 239162K [0x00000000c0000000, 0x0000000100000000)
  region size 1024K, 76 young (77824K), 12 survivors (12288K)
 Metaspace       used 78885K, capacity 82096K, committed 82264K, reserved 1122304K
  class space    used 7246K, capacity 8514K, committed 8536K, reserved 1048576K
}
Event: 610.981 GC heap after
{Heap after GC invocations=96 (full 0):
 garbage-first heap   total 349184K, used 173500K [0x00000000c0000000, 0x0000000100000000)
  region size 1024K, 7 young (7168K), 7 survivors (7168K)
 Metaspace       used 78885K, capacity 82096K, committed 82264K, reserved 1122304K
  class space    used 7246K, capacity 8514K, committed 8536K, reserved 1048576K
}
Event: 611.011 GC heap before
{Heap before GC invocations=96 (full 0):
 garbage-first heap   total 349184K, used 183740K [0x00000000c0000000, 0x0000000100000000)
  region size 1024K, 17 young (17408K), 7 survivors (7168K)
 Metaspace       used 78898K, capacity 82160K, committed 82264K, reserved 1122304K
  class space    used 7246K, capacity 8514K, committed 8536K, reserved 1048576K
}
Event: 611.021 GC heap after
{Heap after GC invocations=97 (full 0):
 garbage-first heap   total 349184K, used 153310K [0x00000000c0000000, 0x0000000100000000)
  region size 1024K, 1 young (1024K), 1 survivors (1024K)
 Metaspace       used 78898K, capacity 82160K, committed 82264K, reserved 1122304K
  class space    used 7246K, capacity 8514K, committed 8536K, reserved 1048576K
}
Event: 647.089 GC heap before
{Heap before GC invocations=97 (full 0):
 garbage-first heap   total 349184K, used 178910K [0x00000000c0000000, 0x0000000100000000)
  region size 1024K, 28 young (28672K), 1 survivors (1024K)
 Metaspace       used 78931K, capacity 82224K, committed 82264K, reserved 1122304K
  class space    used 7246K, capacity 8514K, committed 8536K, reserved 1048576K
}
Event: 647.095 GC heap after
{Heap after GC invocations=98 (full 0):
 garbage-first heap   total 349184K, used 152994K [0x00000000c0000000, 0x0000000100000000)
  region size 1024K, 1 young (1024K), 1 survivors (1024K)
 Metaspace       used 78931K, capacity 82224K, committed 82264K, reserved 1122304K
  class space    used 7246K, capacity 8514K, committed 8536K, reserved 1048576K
}

