# JRE version: Java(TM) SE Runtime Environment 18.9 (11.0.8+10) (build 11.0.8+10-LTS)
# Java VM: Java HotSpot(TM) 64-Bit Server VM 18.9 (11.0.8+10-LTS, mixed mode, tiered, compressed oops, g1 gc, windows-amd64)
Heap:
 garbage-first heap   total 580608K, used 360362K [0x00000000c0000000, 0x0000000100000000)
  region size 1024K, 180 young (184320K), 30 survivors (30720K)
 Metaspace       used 84907K, capacity 88040K, committed 88320K, reserved 1128448K
  class space    used 7652K, capacity 8869K, committed 8960K, reserved 1048576K
GC Heap History (10 events):
Event: 1708.438 GC heap before
{Heap before GC invocations=310 (full 0):
 garbage-first heap   total 580608K, used 206203K [0x00000000c0000000, 0x0000000100000000)
  region size 1024K, 28 young (28672K), 8 survivors (8192K)
 Metaspace       used 84799K, capacity 87976K, committed 88320K, reserved 1128448K
  class space    used 7652K, capacity 8869K, committed 8960K, reserved 1048576K
}
Event: 1708.445 GC heap after
{Heap after GC invocations=311 (full 0):
 garbage-first heap   total 580608K, used 170085K [0x00000000c0000000, 0x0000000100000000)
  region size 1024K, 2 young (2048K), 2 survivors (2048K)
 Metaspace       used 84799K, capacity 87976K, committed 88320K, reserved 1128448K
  class space    used 7652K, capacity 8869K, committed 8960K, reserved 1048576K
}
Event: 1708.593 GC heap before
{Heap before GC invocations=311 (full 0):
 garbage-first heap   total 580608K, used 237669K [0x00000000c0000000, 0x0000000100000000)
  region size 1024K, 70 young (71680K), 2 survivors (2048K)
 Metaspace       used 84799K, capacity 87976K, committed 88320K, reserved 1128448K
  class space    used 7652K, capacity 8869K, committed 8960K, reserved 1048576K
}
Event: 1708.598 GC heap after
{Heap after GC invocations=312 (full 0):
 garbage-first heap   total 580608K, used 171453K [0x00000000c0000000, 0x0000000100000000)
  region size 1024K, 3 young (3072K), 3 survivors (3072K)
 Metaspace       used 84799K, capacity 87976K, committed 88320K, reserved 1128448K
  class space    used 7652K, capacity 8869K, committed 8960K, reserved 1048576K
}
Event: 1715.166 GC heap before
{Heap before GC invocations=313 (full 0):
 garbage-first heap   total 580608K, used 418237K [0x00000000c0000000, 0x0000000100000000)
  region size 1024K, 227 young (232448K), 3 survivors (3072K)
 Metaspace       used 84820K, capacity 87976K, committed 88320K, reserved 1128448K
  class space    used 7652K, capacity 8869K, committed 8960K, reserved 1048576K
}
Event: 1715.172 GC heap after
{Heap after GC invocations=314 (full 0):
 garbage-first heap   total 580608K, used 178557K [0x00000000c0000000, 0x0000000100000000)
  region size 1024K, 10 young (10240K), 10 survivors (10240K)
 Metaspace       used 84820K, capacity 87976K, committed 88320K, reserved 1128448K
  class space    used 7652K, capacity 8869K, committed 8960K, reserved 1048576K
}
Event: 1715.206 GC heap before
{Heap before GC invocations=314 (full 0):
 garbage-first heap   total 580608K, used 196989K [0x00000000c0000000, 0x0000000100000000)
  region size 1024K, 28 young (28672K), 10 survivors (10240K)
 Metaspace       used 84820K, capacity 87976K, committed 88320K, reserved 1128448K
  class space    used 7652K, capacity 8869K, committed 8960K, reserved 1048576K
}
Event: 1715.213 GC heap after
{Heap after GC invocations=315 (full 0):
 garbage-first heap   total 580608K, used 172864K [0x00000000c0000000, 0x0000000100000000)
  region size 1024K, 1 young (1024K), 1 survivors (1024K)
 Metaspace       used 84820K, capacity 87976K, committed 88320K, reserved 1128448K
  class space    used 7652K, capacity 8869K, committed 8960K, reserved 1048576K
}
Event: 1722.477 GC heap before
{Heap before GC invocations=315 (full 0):
 garbage-first heap   total 580608K, used 415552K [0x00000000c0000000, 0x0000000100000000)
  region size 1024K, 238 young (243712K), 1 survivors (1024K)
 Metaspace       used 84848K, capacity 87976K, committed 88320K, reserved 1128448K
  class space    used 7652K, capacity 8869K, committed 8960K, reserved 1048576K
}
Event: 1722.489 GC heap after
{Heap after GC invocations=316 (full 0):
 garbage-first heap   total 580608K, used 202666K [0x00000000c0000000, 0x0000000100000000)
  region size 1024K, 30 young (30720K), 30 survivors (30720K)
 Metaspace       used 84848K, capacity 87976K, committed 88320K, reserved 1128448K
  class space    used 7652K, capacity 8869K, committed 8960K, reserved 1048576K
}

