# JRE version: Java(TM) SE Runtime Environment 18.9 (11.0.8+10) (build 11.0.8+10-LTS)
# Java VM: Java HotSpot(TM) 64-Bit Server VM 18.9 (11.0.8+10-LTS, mixed mode, tiered, compressed oops, g1 gc, windows-amd64)
Heap:
 garbage-first heap   total 295936K, used 148140K [0x00000000c0000000, 0x0000000100000000)
  region size 1024K, 7 young (7168K), 2 survivors (2048K)
 Metaspace       used 80163K, capacity 83390K, committed 83556K, reserved 1124352K
  class space    used 7324K, capacity 8588K, committed 8704K, reserved 1048576K
GC Heap History (10 events):
Event: 816.630 GC heap before
{Heap before GC invocations=129 (full 0):
 garbage-first heap   total 295936K, used 147572K [0x00000000c0000000, 0x0000000100000000)
  region size 1024K, 14 young (14336K), 4 survivors (4096K)
 Metaspace       used 79875K, capacity 83254K, committed 83556K, reserved 1124352K
  class space    used 7319K, capacity 8587K, committed 8704K, reserved 1048576K
}
Event: 816.637 GC heap after
{Heap after GC invocations=130 (full 0):
 garbage-first heap   total 295936K, used 133188K [0x00000000c0000000, 0x0000000100000000)
  region size 1024K, 2 young (2048K), 2 survivors (2048K)
 Metaspace       used 79875K, capacity 83254K, committed 83556K, reserved 1124352K
  class space    used 7319K, capacity 8587K, committed 8704K, reserved 1048576K
}
Event: 824.130 GC heap before
{Heap before GC invocations=130 (full 0):
 garbage-first heap   total 295936K, used 227396K [0x00000000c0000000, 0x0000000100000000)
  region size 1024K, 94 young (96256K), 2 survivors (2048K)
 Metaspace       used 79929K, capacity 83256K, committed 83556K, reserved 1124352K
  class space    used 7319K, capacity 8587K, committed 8704K, reserved 1048576K
}
Event: 824.135 GC heap after
{Heap after GC invocations=131 (full 0):
 garbage-first heap   total 295936K, used 133508K [0x00000000c0000000, 0x0000000100000000)
  region size 1024K, 2 young (2048K), 2 survivors (2048K)
 Metaspace       used 79929K, capacity 83256K, committed 83556K, reserved 1124352K
  class space    used 7319K, capacity 8587K, committed 8704K, reserved 1048576K
}
Event: 846.524 GC heap before
{Heap before GC invocations=132 (full 0):
 garbage-first heap   total 295936K, used 229829K [0x00000000c0000000, 0x0000000100000000)
  region size 1024K, 98 young (100352K), 2 survivors (2048K)
 Metaspace       used 80012K, capacity 83256K, committed 83556K, reserved 1124352K
  class space    used 7324K, capacity 8587K, committed 8704K, reserved 1048576K
}
Event: 846.544 GC heap after
{Heap after GC invocations=133 (full 0):
 garbage-first heap   total 295936K, used 148751K [0x00000000c0000000, 0x0000000100000000)
  region size 1024K, 13 young (13312K), 13 survivors (13312K)
 Metaspace       used 80012K, capacity 83256K, committed 83556K, reserved 1124352K
  class space    used 7324K, capacity 8587K, committed 8704K, reserved 1048576K
}
Event: 846.551 GC heap before
{Heap before GC invocations=133 (full 0):
 garbage-first heap   total 295936K, used 149775K [0x00000000c0000000, 0x0000000100000000)
  region size 1024K, 14 young (14336K), 13 survivors (13312K)
 Metaspace       used 80012K, capacity 83256K, committed 83556K, reserved 1124352K
  class space    used 7324K, capacity 8587K, committed 8704K, reserved 1048576K
}
Event: 846.573 GC heap after
{Heap after GC invocations=134 (full 0):
 garbage-first heap   total 295936K, used 147249K [0x00000000c0000000, 0x0000000100000000)
  region size 1024K, 2 young (2048K), 2 survivors (2048K)
 Metaspace       used 80012K, capacity 83256K, committed 83556K, reserved 1124352K
  class space    used 7324K, capacity 8587K, committed 8704K, reserved 1048576K
}
Event: 847.315 GC heap before
{Heap before GC invocations=134 (full 0):
 garbage-first heap   total 295936K, used 165681K [0x00000000c0000000, 0x0000000100000000)
  region size 1024K, 21 young (21504K), 2 survivors (2048K)
 Metaspace       used 80033K, capacity 83390K, committed 83556K, reserved 1124352K
  class space    used 7324K, capacity 8588K, committed 8704K, reserved 1048576K
}
Event: 847.328 GC heap after
{Heap after GC invocations=135 (full 0):
 garbage-first heap   total 295936K, used 148341K [0x00000000c0000000, 0x0000000100000000)
  region size 1024K, 3 young (3072K), 3 survivors (3072K)
 Metaspace       used 80033K, capacity 83390K, committed 83556K, reserved 1124352K
  class space    used 7324K, capacity 8588K, committed 8704K, reserved 1048576K
}

